---Dinero IV cache simulator, version 7
---Written by Jan Edler and Mark D. Hill
---Copyright (C) 1997 NEC Research Institute, Inc. and Mark D. Hill.
---All rights reserved.
---Copyright (C) 1985, 1989 Mark D. Hill.  All rights reserved.
---See -copyright option for details

---Summary of options (-help option gives usage information).

-l1-usize 16384
-l1-ubsize 16
-l1-usbsize 16
-l1-uassoc 2
-l1-urepl f
-l1-ufetch d
-l1-uwalloc a
-l1-uwback a
-skipcount 0
-flushcount 0
-maxcount 0
-stat-interval 0
-informat d
-on-trigger 0x0
-off-trigger 0x0

---Simulation begins.
---Simulation complete.
l1-ucache
 Metrics		      Total	      Instrn	       Data	       Read	      Write	       Misc
 -----------------	      ------	      ------	      ------	      ------	      ------	      ------
 Demand Fetches		     1000002	      757341	      242661	      159631	       83030	           0
  Fraction of total	      1.0000	      0.7573	      0.2427	      0.1596	      0.0830	      0.0000

 Demand Misses		       50758	       35415	       15343	        9511	        5832	           0
  Demand miss rate	      0.0508	      0.0468	      0.0632	      0.0596	      0.0702	      0.0000

 Multi-block refs                 0
 Bytes From Memory	      812128
 ( / Demand Fetches)	      0.8121
 Bytes To Memory	      117920
 ( / Demand Writes)	      1.4202
 Total Bytes r/w Mem	      930048
 ( / Demand Fetches)	      0.9300

---Execution complete.
