---Dinero IV cache simulator, version 7
---Written by Jan Edler and Mark D. Hill
---Copyright (C) 1997 NEC Research Institute, Inc. and Mark D. Hill.
---All rights reserved.
---Copyright (C) 1985, 1989 Mark D. Hill.  All rights reserved.
---See -copyright option for details

---Summary of options (-help option gives usage information).

-l1-usize 8192
-l1-ubsize 16
-l1-usbsize 16
-l1-uassoc 2
-l1-urepl f
-l1-ufetch d
-l1-uwalloc a
-l1-uwback a
-skipcount 0
-flushcount 0
-maxcount 0
-stat-interval 0
-informat d
-on-trigger 0x0
-off-trigger 0x0

---Simulation begins.
---Simulation complete.
l1-ucache
 Metrics		      Total	      Instrn	       Data	       Read	      Write	       Misc
 -----------------	      ------	      ------	      ------	      ------	      ------	      ------
 Demand Fetches		     1000002	      757341	      242661	      159631	       83030	           0
  Fraction of total	      1.0000	      0.7573	      0.2427	      0.1596	      0.0830	      0.0000

 Demand Misses		       86295	       61776	       24519	       15990	        8529	           0
  Demand miss rate	      0.0863	      0.0816	      0.1010	      0.1002	      0.1027	      0.0000

 Multi-block refs                 0
 Bytes From Memory	     1380720
 ( / Demand Fetches)	      1.3807
 Bytes To Memory	      182464
 ( / Demand Writes)	      2.1976
 Total Bytes r/w Mem	     1563184
 ( / Demand Fetches)	      1.5632

---Execution complete.
