---Dinero IV cache simulator, version 7
---Written by Jan Edler and Mark D. Hill
---Copyright (C) 1997 NEC Research Institute, Inc. and Mark D. Hill.
---All rights reserved.
---Copyright (C) 1985, 1989 Mark D. Hill.  All rights reserved.
---See -copyright option for details

---Summary of options (-help option gives usage information).

-l1-usize 8192
-l1-ubsize 16
-l1-usbsize 16
-l1-uassoc 2
-l1-urepl f
-l1-ufetch d
-l1-uwalloc a
-l1-uwback a
-skipcount 0
-flushcount 0
-maxcount 0
-stat-interval 0
-informat d
-on-trigger 0x0
-off-trigger 0x0

---Simulation begins.
---Simulation complete.
l1-ucache
 Metrics		      Total	      Instrn	       Data	       Read	      Write	       Misc
 -----------------	      ------	      ------	      ------	      ------	      ------	      ------
 Demand Fetches		     1000001	      782764	      217237	      150699	       66538	           0
  Fraction of total	      1.0000	      0.7828	      0.2172	      0.1507	      0.0665	      0.0000

 Demand Misses		       37117	       23279	       13838	       10204	        3634	           0
  Demand miss rate	      0.0371	      0.0297	      0.0637	      0.0677	      0.0546	      0.0000

 Multi-block refs                 0
 Bytes From Memory	      593872
 ( / Demand Fetches)	      0.5939
 Bytes To Memory	      100272
 ( / Demand Writes)	      1.5070
 Total Bytes r/w Mem	      694144
 ( / Demand Fetches)	      0.6941

---Execution complete.
