---Dinero IV cache simulator, version 7
---Written by Jan Edler and Mark D. Hill
---Copyright (C) 1997 NEC Research Institute, Inc. and Mark D. Hill.
---All rights reserved.
---Copyright (C) 1985, 1989 Mark D. Hill.  All rights reserved.
---See -copyright option for details

---Summary of options (-help option gives usage information).

-l1-usize 16384
-l2-usize 65536
-l1-ubsize 16
-l2-ubsize 16
-l1-usbsize 16
-l2-usbsize 16
-l1-uassoc 1
-l2-uassoc 4
-l1-urepl l
-l2-urepl l
-l1-ufetch d
-l2-ufetch d
-l1-uwalloc a
-l2-uwalloc a
-l1-uwback a
-l2-uwback a
-skipcount 0
-flushcount 0
-maxcount 0
-stat-interval 0
-informat d
-on-trigger 0x0
-off-trigger 0x0

---Simulation begins.
---Simulation complete.
l1-ucache
 Metrics		      Total	      Instrn	       Data	       Read	      Write	       Misc
 -----------------	      ------	      ------	      ------	      ------	      ------	      ------
 Demand Fetches		     1000001	      782764	      217237	      150699	       66538	           0
  Fraction of total	      1.0000	      0.7828	      0.2172	      0.1507	      0.0665	      0.0000

 Demand Misses		       29018	       17102	       11916	        9333	        2583	           0
  Demand miss rate	      0.0290	      0.0218	      0.0549	      0.0619	      0.0388	      0.0000

 Multi-block refs                 0
 Bytes From Memory	      464288
 ( / Demand Fetches)	      0.4643
 Bytes To Memory	       71216
 ( / Demand Writes)	      1.0703
 Total Bytes r/w Mem	      535504
 ( / Demand Fetches)	      0.5355

l2-ucache
 Metrics		      Total	      Instrn	       Data	       Read	      Write	       Misc
 -----------------	      ------	      ------	      ------	      ------	      ------	      ------
 Demand Fetches		       33469	       17102	       16367	       11916	        4451	           0
  Fraction of total	      1.0000	      0.5110	      0.4890	      0.3560	      0.1330	      0.0000

 Demand Misses		        3899	        2576	        1323	        1323	           0	           0
  Demand miss rate	      0.1165	      0.1506	      0.0808	      0.1110	      0.0000	      0.0000

 Multi-block refs                 0
 Bytes From Memory	       62384
 ( / Demand Fetches)	      1.8639
 Bytes To Memory	       13744
 ( / Demand Writes)	      3.0878
 Total Bytes r/w Mem	       76128
 ( / Demand Fetches)	      2.2746

---Execution complete.
